<?xml version="1.0" encoding="UTF-8"?>
<!-- Generated by org.testng.reporters.JUnitReportReporter -->
<testsuite skipped="0" hostname="Rahul" name="com.app.DataProviderExcel" tests="5" failures="0" timestamp="25 Feb 2020 14:03:43 GMT" time="22.525" errors="0">
  <testcase name="login" time="3.864" classname="com.app.DataProviderExcel"/>
  <testcase name="login" time="6.780" classname="com.app.DataProviderExcel"/>
  <testcase name="login" time="3.615" classname="com.app.DataProviderExcel"/>
  <testcase name="login" time="4.381" classname="com.app.DataProviderExcel"/>
  <testcase name="login" time="3.885" classname="com.app.DataProviderExcel"/>
</testsuite> <!-- com.app.DataProviderExcel -->
