<?xml version="1.0" encoding="UTF-8"?>
<!-- Generated by org.testng.reporters.JUnitReportReporter -->
<testsuite skipped="0" hostname="Rahul" name="com.app.DataProviderArray" tests="2" failures="0" timestamp="25 Feb 2020 12:42:03 GMT" time="10.470" errors="0">
  <testcase name="login" time="7.673" classname="com.app.DataProviderArray"/>
  <testcase name="login" time="2.797" classname="com.app.DataProviderArray"/>
</testsuite> <!-- com.app.DataProviderArray -->
